2020-03-30 11:00:17,527 - INFO: AutoErpPlan: Insert Job GeneratePlan: 20200330000006
2020-03-30 11:02:05,266 - INFO: AutoErpPlan: Insert Job GeneratePlan: 20200330000006
2020-03-30 11:07:45,739 - INFO: AutoErpPlan: Insert Job BomCalculate: 品号:10680101 - JobId:20200330000006
2020-03-30 11:07:58,406 - INFO: AutoErpPlan: Job Done: JobId:20200330000006
2020-03-30 11:12:38,543 - INFO: AutoErpPlan: Insert Job BomCalculate: 品号:10680101 - JobId:20200330000007
2020-03-30 11:12:44,116 - INFO: AutoErpPlan: Job Done: JobId:20200330000007
2020-03-30 11:12:55,764 - INFO: AutoErpPlan: Insert Job BomCalculate: 品号:10680101 - JobId:20200330000008
2020-03-30 11:13:03,865 - INFO: AutoErpPlan: Job Done: JobId:20200330000008
2020-03-30 11:13:50,405 - INFO: AutoErpPlan: Insert Job BomCalculate: 品号:10690101 - JobId:20200330000009
2020-03-30 11:13:53,952 - INFO: AutoErpPlan: Job Done: JobId:20200330000009
2020-03-30 11:14:14,339 - INFO: AutoErpPlan: Insert Job BomCalculate: 品号:10690101 - JobId:20200330000010
2020-03-30 11:14:23,438 - INFO: AutoErpPlan: Job Done: JobId:20200330000010
2020-03-30 11:17:33,898 - INFO: AutoErpPlan: Insert Job BomCalculate: 品号:10680101 - JobId:20200330000012
2020-03-30 11:17:44,545 - INFO: AutoErpPlan: Job Done: JobId:20200330000012
2020-03-30 11:17:44,556 - INFO: AutoErpPlan: Insert Job BomCalculate: 品号:10690101 - JobId:20200330000013
2020-03-30 11:17:56,729 - INFO: AutoErpPlan: Job Done: JobId:20200330000013
2020-03-30 11:17:56,742 - INFO: AutoErpPlan: Insert Job BomCalculate: 品号:10170101 - JobId:20200330000014
2020-03-30 11:18:07,397 - INFO: AutoErpPlan: Job Done: JobId:20200330000014
2020-03-30 11:38:02,956 - INFO: AutoErpPlan: Insert Job PzCalculate: 品号:10680101 - JobId:20200330000015
2020-03-30 11:38:02,961 - INFO: AutoErpPlan: Insert Job PzCalculate: 品号:10690101 - JobId:20200330000015
2020-03-30 11:38:02,967 - INFO: AutoErpPlan: Insert Job PzCalculate: 品号:10170101 - JobId:20200330000015
2020-03-30 11:46:53,911 - INFO: AutoErpPlan: Insert Job PzCalculate: 品号:10680101 - JobId:20200330000015
2020-03-30 11:49:31,594 - INFO: AutoErpPlan: Insert Job PzCalculate: 品号:10680101 - JobId:20200330000016
2020-03-30 11:49:35,647 - INFO: AutoErpPlan: Job Done: JobId:20200330000016
2020-03-30 11:50:48,582 - INFO: AutoErpPlan: Insert Job BomCalculate: 品号:10680101 - JobId:20200330000017
2020-03-30 11:50:59,221 - INFO: AutoErpPlan: Job Done: JobId:20200330000017
2020-03-30 11:50:59,233 - INFO: AutoErpPlan: Insert Job PzCalculate: 品号:10680101 - JobId:20200330000018
2020-03-30 11:51:11,403 - INFO: AutoErpPlan: Job Done: JobId:20200330000018
2020-03-30 11:52:38,913 - INFO: AutoErpPlan: Insert Job BomCalculate: 品号:10680101 - JobId:20200330000019
2020-03-30 11:52:50,554 - INFO: AutoErpPlan: Job Done: JobId:20200330000019
2020-03-30 11:52:50,749 - INFO: AutoErpPlan: Insert Job PzCalculate: 品号:10680101 - JobId:20200330000020
2020-03-30 11:53:39,888 - INFO: AutoErpPlan: Job Done: JobId:20200330000020
2020-03-30 11:53:39,898 - INFO: AutoErpPlan: Insert Job BomCalculate: 品号:10690101 - JobId:20200330000021
2020-03-30 11:53:50,537 - INFO: AutoErpPlan: Job Done: JobId:20200330000021
2020-03-30 11:53:50,552 - INFO: AutoErpPlan: Insert Job PzCalculate: 品号:10690101 - JobId:20200330000022
2020-03-30 11:54:17,919 - INFO: AutoErpPlan: Job Done: JobId:20200330000022
2020-03-30 11:54:17,932 - INFO: AutoErpPlan: Insert Job BomCalculate: 品号:10170101 - JobId:20200330000023
2020-03-30 11:54:26,035 - INFO: AutoErpPlan: Job Done: JobId:20200330000023
2020-03-30 11:54:26,050 - INFO: AutoErpPlan: Insert Job PzCalculate: 品号:10170101 - JobId:20200330000024
2020-03-30 11:54:32,643 - INFO: AutoErpPlan: Job Done: JobId:20200330000024
2020-03-30 13:44:36,350 - INFO: AutoErpPlan: Work Start
2020-03-30 13:44:36,402 - ERROR: AutoErpPlan: (145, b'ORDER BY items must appear in the select list if SELECT DISTINCT is specified.DB-Lib error message 20018, severity 15:\nGeneral SQL Server error: Check messages from the SQL Server\n')
2020-03-30 13:44:36,402 - INFO: AutoErpPlan: Work Finished
2020-03-30 13:45:47,297 - INFO: AutoErpPlan: Work Start
2020-03-30 13:45:47,377 - INFO: AutoErpPlan: Work Finished
2020-03-30 13:46:06,163 - INFO: AutoErpPlan: Work Start
2020-03-30 13:46:06,211 - INFO: AutoErpPlan: Work Finished
2020-03-30 13:57:21,790 - INFO: AutoErpPlan: Work Start
2020-03-30 13:57:21,834 - INFO: AutoErpPlan: Calculate PhList: ['10680101', '10690101', '10710101']
2020-03-30 13:57:21,855 - INFO: AutoErpPlan: Insert Job BomCalculate: 品号:10680101 - JobId:20200330000025
2020-03-30 13:57:34,531 - INFO: AutoErpPlan: Job Done: JobId:20200330000025
2020-03-30 13:57:34,546 - INFO: AutoErpPlan: Insert Job PzCalculate: 品号:10680101 - JobId:20200330000026
2020-03-30 13:58:26,254 - INFO: AutoErpPlan: Job Done: JobId:20200330000026
2020-03-30 13:58:26,264 - INFO: AutoErpPlan: Insert Job BomCalculate: 品号:10690101 - JobId:20200330000027
2020-03-30 13:58:36,932 - INFO: AutoErpPlan: Job Done: JobId:20200330000027
2020-03-30 13:58:36,948 - INFO: AutoErpPlan: Insert Job PzCalculate: 品号:10690101 - JobId:20200330000028
2020-03-30 13:58:57,379 - INFO: AutoErpPlan: Job Done: JobId:20200330000028
2020-03-30 13:58:57,417 - INFO: AutoErpPlan: Insert Job BomCalculate: 品号:10710101 - JobId:20200330000029
2020-03-30 13:59:06,537 - INFO: AutoErpPlan: Job Done: JobId:20200330000029
2020-03-30 13:59:06,555 - INFO: AutoErpPlan: Insert Job PzCalculate: 品号:10710101 - JobId:20200330000030
2020-03-30 13:59:18,204 - INFO: AutoErpPlan: Job Done: JobId:20200330000030
2020-03-30 13:59:18,216 - INFO: AutoErpPlan: Insert Job Generate Plan: 2201-000001
2020-03-30 14:00:12,856 - INFO: AutoErpPlan: Job Done: JobId:20200330000031
2020-03-30 14:00:12,856 - INFO: AutoErpPlan: Insert Job Lock Plan: A2201000001
2020-03-30 14:00:12,867 - INFO: AutoErpPlan: Update Flag - Title: 2201-000001
2020-03-30 14:00:12,868 - INFO: AutoErpPlan: Work Finished
2020-03-30 14:33:38,786 - INFO: AutoErpPlan: Insert Job Lock SC Plan: A2201000001         
2020-03-30 14:34:00,037 - INFO: AutoErpPlan: Job Done: JobId:20200330000034
2020-03-30 14:34:00,050 - INFO: AutoErpPlan: Insert Job Lock CG Plan: A2201000001         
2020-03-30 14:34:10,184 - INFO: AutoErpPlan: Job Done: JobId:20200330000035
2020-03-30 14:34:10,184 - INFO: AutoErpPlan: Lock Plan Job Done: A2201000001
2020-03-30 14:37:20,130 - INFO: AutoErpPlan: Work Start
2020-03-30 14:37:20,166 - INFO: AutoErpPlan: Work With PlanDd:2201-000001  PlanId:A2201000001
2020-03-30 14:37:20,169 - INFO: AutoErpPlan: Calculate PhList: ['10680101', '10690101', '10710101']
2020-03-30 14:37:20,180 - INFO: AutoErpPlan: Insert Job BomCalculate: 品号:10680101 - JobId:20200330000001
2020-03-30 14:37:30,329 - INFO: AutoErpPlan: Job Done: JobId:20200330000001
2020-03-30 14:37:30,342 - INFO: AutoErpPlan: Insert Job PzCalculate: 品号:10680101 - JobId:20200330000002
2020-03-30 14:38:22,568 - INFO: AutoErpPlan: Job Done: JobId:20200330000002
2020-03-30 14:38:22,578 - INFO: AutoErpPlan: Insert Job BomCalculate: 品号:10690101 - JobId:20200330000003
2020-03-30 14:38:33,708 - INFO: AutoErpPlan: Job Done: JobId:20200330000003
2020-03-30 14:38:33,723 - INFO: AutoErpPlan: Insert Job PzCalculate: 品号:10690101 - JobId:20200330000004
2020-03-30 14:38:53,980 - INFO: AutoErpPlan: Job Done: JobId:20200330000004
2020-03-30 14:38:54,006 - INFO: AutoErpPlan: Insert Job BomCalculate: 品号:10710101 - JobId:20200330000005
2020-03-30 14:39:02,098 - INFO: AutoErpPlan: Job Done: JobId:20200330000005
2020-03-30 14:39:02,112 - INFO: AutoErpPlan: Insert Job PzCalculate: 品号:10710101 - JobId:20200330000006
2020-03-30 14:39:13,747 - INFO: AutoErpPlan: Job Done: JobId:20200330000006
2020-03-30 14:39:13,760 - INFO: AutoErpPlan: Insert Job Generate Plan: 2201-000001
2020-03-30 14:40:05,933 - INFO: AutoErpPlan: Job Done: JobId:20200330000007
2020-03-30 14:40:05,946 - INFO: AutoErpPlan: Insert Job Lock SC Plan: A2201000001         
2020-03-30 14:40:10,006 - INFO: AutoErpPlan: Job Done: JobId:20200330000008
2020-03-30 14:40:10,017 - INFO: AutoErpPlan: Insert Job Lock CG Plan: A2201000001         
2020-03-30 14:40:14,066 - INFO: AutoErpPlan: Job Done: JobId:20200330000009
2020-03-30 14:40:14,066 - INFO: AutoErpPlan: Lock Plan Job Done: PlanId: A2201000001
2020-03-30 14:40:14,073 - INFO: AutoErpPlan: Update Flag - Title: 2201-000001
2020-03-30 14:40:14,074 - INFO: AutoErpPlan: Work Finished
