2020-03-19 09:56:01,394 - INFO: 2020-03-19 09:56:01.394098 -- 定时任务关闭
2020-03-19 10:00:43,490 - INFO: 2020-03-19 10:00:43.490696 -- 定时任务关闭
2020-03-19 10:00:44,654 - INFO: 2020-03-19 10:00:44.654786 -- 定时任务开始
2020-03-19 10:00:44,655 - INFO: 2020-03-19 10:00:44.655085 -- 现有任务：[<Job (id=mocMsgSend name=mocMsgSend)>]
2020-03-19 10:07:14,733 - INFO: 2020-03-19 10:07:14.733462 -- 定时任务关闭
2020-03-19 10:08:03,432 - INFO: 2020-03-19 10:08:03.431967 -- 定时任务开始
2020-03-19 10:08:03,432 - INFO: 2020-03-19 10:08:03.432241 -- 现有任务：[<Job (id=mocMsgSend name=mocMsgSend)>]
2020-03-19 10:10:00,336 - INFO: MOCTC2Y:['没有获取到订单']
2020-03-19 10:10:03,351 - INFO: 2020-03-19 10:10:03.351114 -- 定时任务关闭
2020-03-19 10:10:27,160 - INFO: 

2020-03-19 10:10:27.160760 -- 定时任务开始
2020-03-19 10:10:27,161 - INFO: 2020-03-19 10:10:27.161055 -- 现有任务：[<Job (id=mocMsgSend name=mocMsgSend)>]
2020-03-19 10:10:40,326 - INFO: 2020-03-19 10:10:40.326253 -- 定时任务关闭 



2020-03-19 10:11:23,741 - INFO: 2020-03-19 10:11:23.741062 -- 定时任务开始
2020-03-19 10:11:23,741 - INFO: 2020-03-19 10:11:23.741347 -- 现有任务：[<Job (id=mocMsgSend name=mocMsgSend)>]
2020-03-19 10:11:26,414 - INFO: 2020-03-19 10:11:26.414737 -- 定时任务关闭


2020-03-19 10:11:38,213 - INFO: 2020-03-19 10:11:38.213031 -- 定时任务开始
2020-03-19 10:11:38,213 - INFO: 2020-03-19 10:11:38.213341 -- 现有任务：[<Job (id=mocMsgSend name=mocMsgSend)>]
2020-03-19 10:12:00,330 - INFO: MOCTC2Y:['没有获取到订单']
2020-03-19 10:14:00,353 - INFO: MOCTC2Y:['没有获取到订单']
2020-03-19 10:16:00,348 - INFO: MOCTC2Y:['没有获取到订单']
2020-03-19 10:18:00,367 - INFO: MOCTC2Y:['没有获取到订单']
2020-03-19 10:20:00,359 - INFO: MOCTC2Y:['没有获取到订单']
2020-03-19 10:22:00,355 - INFO: MOCTC2Y:['没有获取到订单']
2020-03-19 10:24:00,361 - INFO: MOCTC2Y:['没有获取到订单']
2020-03-19 10:26:00,890 - INFO: MOCTC2Y:['没有获取到订单']
2020-03-19 10:28:00,336 - INFO: MOCTC2Y:['没有获取到订单']
2020-03-19 10:30:02,053 - INFO: MOCTC2Y:['没有获取到订单']
2020-03-19 10:32:00,341 - INFO: MOCTC2Y:['没有获取到订单']
2020-03-19 10:34:01,971 - INFO: MOCTC2Y:['没有获取到订单']
2020-03-19 10:36:00,334 - INFO: MOCTC2Y:['没有获取到订单']
2020-03-19 10:38:01,902 - INFO: MOCTC2Y:['没有获取到订单']
2020-03-19 10:40:00,346 - INFO: MOCTC2Y:['没有获取到订单']
2020-03-19 10:42:00,343 - INFO: MOCTC2Y:['没有获取到订单']
2020-03-19 10:44:00,654 - INFO: MOCTC2Y:['没有获取到订单']
2020-03-19 10:46:00,356 - INFO: MOCTC2Y:['没有获取到订单']
2020-03-19 10:48:00,356 - INFO: MOCTC2Y:['没有获取到订单']
2020-03-19 10:50:00,346 - INFO: MOCTC2Y:['没有获取到订单']
2020-03-19 10:52:00,353 - INFO: MOCTC2Y:['没有获取到订单']
2020-03-19 10:52:56,152 - INFO: 2020-03-19 10:52:56.152673 -- 定时任务关闭


