2021-11-30 09:17:42,014 - INFO - {'url': 'api/dingtalk/program/user/authUser/get', 'methods': 'POST', 'status': 200, 'request_data': {'authCode': 'd8b904dd886e38ed8d9decf44e89b2ef'}, 'response_data': {'dd_department': [516470070], 'dd_department_name': ['资讯课'], 'dd_department_name_full': ['广东联友办公家具有限公司/联友集团/广东联友办公家具有限公司/生产管理部/资讯课'], 'dd_flag': True, 'dd_user_erp_id': '001114', 'dd_user_id': '01180666186637615720', 'dd_user_jobnumber': '002929', 'dd_user_mobile': '13302496581', 'dd_user_name': '钟耀辉', 'dd_user_position': '系统专员', 'dd_user_sort_mobile': '99'}}
2021-11-30 09:17:58,413 - INFO - {'url': 'api/dingtalk/program/user/reSyncUser/get', 'methods': 'POST', 'status': 200, 'request_data': {'jobnumber': '002929'}, 'response_data': {'dd_department': [516470070], 'dd_department_name': ['资讯课'], 'dd_department_name_full': ['广东联友办公家具有限公司/联友集团/广东联友办公家具有限公司/生产管理部/资讯课'], 'dd_flag': True, 'dd_pre_entry_flag': False, 'dd_user_erp_id': '001114', 'dd_user_id': '01180666186637615720', 'dd_user_jobnumber': '002929', 'dd_user_mobile': '13302496581', 'dd_user_name': '钟耀辉', 'dd_user_position': '系统专员', 'dd_user_sort_mobile': '99', 'hr_flag': True, 'hr_is_entry': True, 'hr_isactive': True, 'hr_ischange_dd': False, 'hr_user_code': '002929', 'hr_user_id': '01180666186637615720', 'hr_user_mobile': '13302496581', 'hr_user_name': '钟耀辉'}}
2021-11-30 09:18:10,683 - INFO - {'url': 'api/dingtalk/program/user/reSyncUser/update', 'methods': 'POST', 'status': 200, 'request_data': {'jobnumber': '002929'}, 'response_data': {'result': True}}
2021-11-30 09:18:11,887 - INFO - {'url': 'api/dingtalk/program/user/reSyncUser/get', 'methods': 'POST', 'status': 200, 'request_data': {'jobnumber': '002929'}, 'response_data': {'dd_department': [516470070], 'dd_department_name': ['资讯课'], 'dd_department_name_full': ['广东联友办公家具有限公司/联友集团/广东联友办公家具有限公司/生产管理部/资讯课'], 'dd_flag': True, 'dd_pre_entry_flag': False, 'dd_user_erp_id': '001114', 'dd_user_id': '01180666186637615720', 'dd_user_jobnumber': '002929', 'dd_user_mobile': '13302496581', 'dd_user_name': '钟耀辉', 'dd_user_position': '系统专员', 'dd_user_sort_mobile': '99', 'hr_flag': True, 'hr_is_entry': True, 'hr_isactive': True, 'hr_ischange_dd': False, 'hr_user_code': '002929', 'hr_user_id': '01180666186637615720', 'hr_user_mobile': '13302496581', 'hr_user_name': '钟耀辉'}}
2021-11-30 09:19:19,830 - INFO - {'url': 'api/dingtalk/program/user/authUser/get', 'methods': 'POST', 'status': 200, 'request_data': {'authCode': '7076ce6407fb34fdae36e9d917f971fb'}, 'response_data': {'dd_department': [516470070], 'dd_department_name': ['资讯课'], 'dd_department_name_full': ['广东联友办公家具有限公司/联友集团/广东联友办公家具有限公司/生产管理部/资讯课'], 'dd_flag': True, 'dd_user_erp_id': '001114', 'dd_user_id': '01180666186637615720', 'dd_user_jobnumber': '002929', 'dd_user_mobile': '13302496581', 'dd_user_name': '钟耀辉', 'dd_user_position': '系统专员', 'dd_user_sort_mobile': '99'}}
2021-11-30 09:36:58,311 - INFO - {'url': 'api/dingtalk/program', 'methods': 'GET', 'status': 200, 'request_data': '', 'response_data': 'OK'}
2021-11-30 09:39:24,076 - INFO - {'url': 'api/dingtalk/program', 'methods': 'GET', 'status': 200, 'request_data': '', 'response_data': 'OK'}
2021-11-30 13:26:41,196 - ERROR - {'url': 'api/dingtalk/program/permission/main/get', 'methods': 'POST', 'status': 404, 'request_data': '', 'response_data': '<!DOCTYPE HTML PUBLIC "-//W3C//DTD HTML 3.2 Final//EN">\n<title>404 Not Found</title>\n<h1>Not Found</h1>\n<p>The requested URL was not found on the server. If you entered the URL manually please check your spelling and try again.</p>\n'}
2021-11-30 13:28:32,077 - ERROR - {'url': 'api/dingtalk/program/permission/main/get', 'methods': 'POST', 'status': 404, 'request_data': '', 'response_data': '<!DOCTYPE HTML PUBLIC "-//W3C//DTD HTML 3.2 Final//EN">\n<title>404 Not Found</title>\n<h1>Not Found</h1>\n<p>The requested URL was not found on the server. If you entered the URL manually please check your spelling and try again.</p>\n'}
2021-11-30 13:29:15,423 - ERROR - {'url': 'api/dingtalk/program/permission/main/get', 'methods': 'POST', 'status': 404, 'request_data': '', 'response_data': '<!DOCTYPE HTML PUBLIC "-//W3C//DTD HTML 3.2 Final//EN">\n<title>404 Not Found</title>\n<h1>Not Found</h1>\n<p>The requested URL was not found on the server. If you entered the URL manually please check your spelling and try again.</p>\n'}
2021-11-30 13:30:32,061 - ERROR - {'url': 'api/dingtalk/program/permission/main/get', 'methods': 'POST', 'status': 404, 'request_data': '', 'response_data': '<!DOCTYPE HTML PUBLIC "-//W3C//DTD HTML 3.2 Final//EN">\n<title>404 Not Found</title>\n<h1>Not Found</h1>\n<p>The requested URL was not found on the server. If you entered the URL manually please check your spelling and try again.</p>\n'}
2021-11-30 13:34:17,041 - INFO - {'url': 'api/dingtalk/program/permission/main/get', 'methods': 'POST', 'status': 200, 'request_data': {'dd_user_id': '01180666186637615720'}, 'response_data': {'permission': ['用户信息', '重置钉钉信息']}}
2021-11-30 13:35:41,542 - INFO - {'url': 'api/dingtalk/program/permission/main/get', 'methods': 'POST', 'status': 200, 'request_data': {'dd_user_id': '01180666186637615720'}, 'response_data': {'permission': ['用户信息', '重置钉钉信息']}}
2021-11-30 13:37:25,220 - INFO - {'url': 'api/dingtalk/program/permission/main/get', 'methods': 'POST', 'status': 200, 'request_data': {'dd_user_id': '01180666186637615720'}, 'response_data': {'permission': ['用户信息', '重置钉钉信息']}}
2021-11-30 13:39:10,938 - INFO - {'url': 'api/dingtalk/program/permission/main/get', 'methods': 'POST', 'status': 200, 'request_data': {'dd_user_id': '01180666186637615720'}, 'response_data': {'permission': ['用户信息', '联友ERP']}}
2021-11-30 13:41:00,357 - INFO - {'url': 'api/dingtalk/program/permission/main/get', 'methods': 'POST', 'status': 200, 'request_data': {'dd_user_id': '01180666186637615720'}, 'response_data': {'permission': ['用户信息', '联友ERP']}}
2021-11-30 13:41:02,206 - INFO - {'url': 'api/dingtalk/program/permission/main/get', 'methods': 'POST', 'status': 200, 'request_data': {'dd_user_id': '01180666186637615720'}, 'response_data': {'permission': ['用户信息', '联友ERP']}}
2021-11-30 13:42:37,256 - INFO - {'url': 'api/dingtalk/program/permission/main/get', 'methods': 'POST', 'status': 200, 'request_data': {'dd_user_id': '01180666186637615720'}, 'response_data': {'permission': ['用户信息', '联友ERP']}}
2021-11-30 13:42:57,515 - INFO - {'url': 'api/dingtalk/program/permission/main/get', 'methods': 'POST', 'status': 200, 'request_data': {'dd_user_id': '01180666186637615720'}, 'response_data': {'permission': ['用户信息', '联友ERP']}}
2021-11-30 13:44:38,705 - INFO - {'url': 'api/dingtalk/program/permission/main/get', 'methods': 'POST', 'status': 200, 'request_data': {'dd_user_id': '01180666186637615720'}, 'response_data': {'permission': ['用户信息', '联友ERP']}}
2021-11-30 13:45:05,481 - INFO - {'url': 'api/dingtalk/program/permission/main/get', 'methods': 'POST', 'status': 200, 'request_data': {'dd_user_id': '01180666186637615720'}, 'response_data': {'permission': ['用户信息', '联友ERP']}}
2021-11-30 13:47:47,700 - INFO - {'url': 'api/dingtalk/program/permission/main/get', 'methods': 'POST', 'status': 200, 'request_data': {'dd_user_id': '01180666186637615720'}, 'response_data': {'permission': ['用户信息', '联友ERP']}}
2021-11-30 13:48:03,907 - INFO - {'url': 'api/dingtalk/program/permission/main/get', 'methods': 'POST', 'status': 200, 'request_data': {'dd_user_id': '01180666186637615720'}, 'response_data': {'permission': ['用户信息', '联友ERP']}}
2021-11-30 13:48:35,119 - INFO - {'url': 'api/dingtalk/program/permission/main/get', 'methods': 'POST', 'status': 200, 'request_data': {'dd_user_id': '01180666186637615720'}, 'response_data': {'permission': ['用户信息', '联友ERP']}}
2021-11-30 13:51:16,952 - INFO - {'url': 'api/dingtalk/program/permission/main/get', 'methods': 'POST', 'status': 200, 'request_data': {'dd_user_id': '01180666186637615720'}, 'response_data': {'permission': ['用户信息', '联友ERP']}}
2021-11-30 13:51:50,778 - INFO - {'url': 'api/dingtalk/program/permission/main/get', 'methods': 'POST', 'status': 200, 'request_data': {'dd_user_id': '01180666186637615720'}, 'response_data': {'permission': ['用户信息', '联友ERP']}}
2021-11-30 13:51:52,834 - INFO - {'url': 'api/dingtalk/program/permission/main/get', 'methods': 'POST', 'status': 200, 'request_data': {'dd_user_id': '01180666186637615720'}, 'response_data': {'permission': ['用户信息', '联友ERP']}}
2021-11-30 13:52:43,993 - INFO - {'url': 'api/dingtalk/program/permission/main/get', 'methods': 'POST', 'status': 200, 'request_data': {'dd_user_id': '01180666186637615720'}, 'response_data': {'permission': ['用户信息', '联友ERP']}}
2021-11-30 13:53:06,748 - INFO - {'url': 'api/dingtalk/program/permission/main/get', 'methods': 'POST', 'status': 200, 'request_data': {'dd_user_id': '01180666186637615720'}, 'response_data': {'permission': ['用户信息', '联友ERP']}}
2021-11-30 13:53:43,198 - INFO - {'url': 'api/dingtalk/program/permission/main/get', 'methods': 'POST', 'status': 200, 'request_data': {'dd_user_id': '01180666186637615720'}, 'response_data': {'permission': ['用户信息', '联友ERP']}}
2021-11-30 13:54:17,901 - INFO - {'url': 'api/dingtalk/program/permission/main/get', 'methods': 'POST', 'status': 200, 'request_data': {'dd_user_id': '01180666186637615720'}, 'response_data': {'permission': ['用户信息', '联友ERP']}}
2021-11-30 13:54:23,255 - INFO - {'url': 'api/dingtalk/program/permission/main/get', 'methods': 'POST', 'status': 200, 'request_data': {'dd_user_id': '01180666186637615720'}, 'response_data': {'permission': ['用户信息', '联友ERP']}}
2021-11-30 13:54:34,776 - INFO - {'url': 'api/dingtalk/program/permission/main/get', 'methods': 'POST', 'status': 200, 'request_data': {'dd_user_id': '01180666186637615720'}, 'response_data': {'permission': ['用户信息', '联友ERP']}}
2021-11-30 13:55:16,477 - INFO - {'url': 'api/dingtalk/program/permission/main/get', 'methods': 'POST', 'status': 200, 'request_data': {'dd_user_id': '01180666186637615720'}, 'response_data': {'permission': ['用户信息', '联友ERP']}}
2021-11-30 14:02:35,318 - INFO - {'url': 'api/dingtalk/program/permission/main/get', 'methods': 'POST', 'status': 200, 'request_data': {'dd_user_id': '01180666186637615720'}, 'response_data': {'permission': ['用户信息', '联友ERP']}}
2021-11-30 14:03:08,268 - INFO - {'url': 'api/dingtalk/program/permission/main/get', 'methods': 'POST', 'status': 200, 'request_data': {'dd_user_id': '01180666186637615720'}, 'response_data': {'permission': ['用户信息', '联友ERP']}}
2021-11-30 14:03:44,001 - INFO - {'url': 'api/dingtalk/program/permission/main/get', 'methods': 'POST', 'status': 200, 'request_data': {'dd_user_id': '01180666186637615720'}, 'response_data': {'permission': ['用户信息', '联友ERP']}}
2021-11-30 14:04:30,985 - INFO - {'url': 'api/dingtalk/program/permission/main/get', 'methods': 'POST', 'status': 200, 'request_data': {'dd_user_id': '01180666186637615720'}, 'response_data': {'permission': ['用户信息', '联友ERP']}}
2021-11-30 14:05:50,395 - INFO - {'url': 'api/dingtalk/program/permission/main/get', 'methods': 'POST', 'status': 200, 'request_data': {'dd_user_id': '01180666186637615720'}, 'response_data': {'permission': ['用户信息', '联友ERP']}}
2021-11-30 14:07:30,778 - INFO - {'url': 'api/dingtalk/program/permission/main/get', 'methods': 'POST', 'status': 200, 'request_data': {'dd_user_id': '01180666186637615720'}, 'response_data': {'permission': ['用户信息', '联友ERP']}}
2021-11-30 14:09:41,253 - INFO - {'url': 'api/dingtalk/program', 'methods': 'GET', 'status': 200, 'request_data': '', 'response_data': 'OK'}
2021-11-30 14:13:23,769 - INFO - {'url': 'api/dingtalk/program/permission/main/get', 'methods': 'POST', 'status': 200, 'request_data': {'dd_user_id': '01180666186637615720'}, 'response_data': {'permission': ['用户信息', '联友ERP']}}
2021-11-30 14:13:36,987 - INFO - {'url': 'api/dingtalk/program/permission/main/get', 'methods': 'POST', 'status': 200, 'request_data': {'dd_user_id': '01180666186637615720'}, 'response_data': {'permission': ['用户信息', '联友ERP']}}
2021-11-30 14:13:45,778 - INFO - {'url': 'api/dingtalk/program/permission/main/get', 'methods': 'POST', 'status': 200, 'request_data': {'dd_user_id': '01180666186637615720'}, 'response_data': {'permission': ['用户信息', '联友ERP']}}
2021-11-30 14:13:56,198 - INFO - {'url': 'api/dingtalk/program/permission/main/get', 'methods': 'POST', 'status': 200, 'request_data': {'dd_user_id': '01180666186637615720'}, 'response_data': {'permission': ['用户信息', '联友ERP']}}
2021-11-30 14:14:10,426 - INFO - {'url': 'api/dingtalk/program/permission/main/get', 'methods': 'POST', 'status': 200, 'request_data': {'dd_user_id': '01180666186637615720'}, 'response_data': {'permission': ['用户信息', '联友ERP']}}
2021-11-30 14:16:57,554 - INFO - {'url': 'api/dingtalk/program/permission/main/get', 'methods': 'POST', 'status': 200, 'request_data': {'dd_user_id': '01180666186637615720'}, 'response_data': {'permission': ['用户信息', '联友ERP']}}
2021-11-30 14:17:06,569 - INFO - {'url': 'api/dingtalk/program/permission/main/get', 'methods': 'POST', 'status': 200, 'request_data': {'dd_user_id': '01180666186637615720'}, 'response_data': {'permission': ['用户信息', '联友ERP']}}
2021-11-30 14:18:15,207 - INFO - {'url': 'api/dingtalk/program/permission/main/get', 'methods': 'POST', 'status': 200, 'request_data': {'dd_user_id': '01180666186637615720'}, 'response_data': {'permission': ['用户信息', '联友ERP']}}
2021-11-30 14:18:31,700 - INFO - {'url': 'api/dingtalk/program/permission/main/get', 'methods': 'POST', 'status': 200, 'request_data': {'dd_user_id': '01180666186637615720'}, 'response_data': {'permission': ['用户信息', '联友ERP']}}
2021-11-30 14:18:36,499 - INFO - {'url': 'api/dingtalk/program/permission/main/get', 'methods': 'POST', 'status': 200, 'request_data': {'dd_user_id': '01180666186637615720'}, 'response_data': {'permission': ['用户信息', '联友ERP']}}
2021-11-30 14:18:52,504 - INFO - {'url': 'api/dingtalk/program/permission/main/get', 'methods': 'POST', 'status': 200, 'request_data': {'dd_user_id': '01180666186637615720'}, 'response_data': {'permission': ['用户信息', '联友ERP']}}
2021-11-30 14:19:01,262 - INFO - {'url': 'api/dingtalk/program/permission/main/get', 'methods': 'POST', 'status': 200, 'request_data': {'dd_user_id': '01180666186637615720'}, 'response_data': {'permission': ['用户信息', '联友ERP']}}
2021-11-30 14:19:10,829 - INFO - {'url': 'api/dingtalk/program/permission/main/get', 'methods': 'POST', 'status': 200, 'request_data': {'dd_user_id': '01180666186637615720'}, 'response_data': {'permission': ['用户信息', '联友ERP']}}
2021-11-30 14:19:18,702 - INFO - {'url': 'api/dingtalk/program/permission/main/get', 'methods': 'POST', 'status': 200, 'request_data': {'dd_user_id': '01180666186637615720'}, 'response_data': {'permission': ['用户信息', '联友ERP']}}
2021-11-30 14:20:56,296 - INFO - {'url': 'api/dingtalk/program/permission/main/get', 'methods': 'POST', 'status': 200, 'request_data': {'dd_user_id': '01180666186637615720'}, 'response_data': {'permission': ['用户信息', '联友ERP']}}
2021-11-30 14:21:15,779 - INFO - {'url': 'api/dingtalk/program/permission/main/get', 'methods': 'POST', 'status': 200, 'request_data': {'dd_user_id': '01180666186637615720'}, 'response_data': {'permission': ['用户信息', '联友ERP']}}
2021-11-30 14:22:20,753 - INFO - {'url': 'api/dingtalk/program/permission/main/get', 'methods': 'POST', 'status': 200, 'request_data': {'dd_user_id': '01180666186637615720'}, 'response_data': {'permission': ['用户信息', '联友ERP']}}
2021-11-30 14:25:28,220 - INFO - {'url': 'api/dingtalk/program/permission/main/get', 'methods': 'POST', 'status': 200, 'request_data': {'dd_user_id': '01180666186637615720'}, 'response_data': {'permission': ['用户信息', '联友ERP']}}
2021-11-30 14:29:23,436 - INFO - {'url': 'api/dingtalk/program/permission/main/get', 'methods': 'POST', 'status': 200, 'request_data': {'dd_user_id': '01180666186637615720'}, 'response_data': {'permission': ['用户信息', '联友ERP']}}
2021-11-30 14:30:29,092 - INFO - {'url': 'api/dingtalk/program/permission/main/get', 'methods': 'POST', 'status': 200, 'request_data': {'dd_user_id': '01180666186637615720'}, 'response_data': {'permission': ['用户信息', '联友ERP']}}
2021-11-30 14:30:35,675 - INFO - {'url': 'api/dingtalk/program/permission/main/get', 'methods': 'POST', 'status': 200, 'request_data': {'dd_user_id': '01180666186637615720'}, 'response_data': {'permission': ['用户信息', '联友ERP']}}
2021-11-30 14:30:47,036 - INFO - {'url': 'api/dingtalk/program/permission/main/get', 'methods': 'POST', 'status': 200, 'request_data': {'dd_user_id': '01180666186637615720'}, 'response_data': {'permission': ['用户信息', '联友ERP']}}
2021-11-30 14:31:00,712 - INFO - {'url': 'api/dingtalk/program/permission/main/get', 'methods': 'POST', 'status': 200, 'request_data': {'dd_user_id': '01180666186637615720'}, 'response_data': {'permission': ['用户信息', '联友ERP']}}
2021-11-30 14:31:31,909 - INFO - {'url': 'api/dingtalk/program/permission/main/get', 'methods': 'POST', 'status': 200, 'request_data': {'dd_user_id': '01180666186637615720'}, 'response_data': {'permission': ['用户信息', '联友ERP']}}
2021-11-30 14:31:37,375 - INFO - {'url': 'api/dingtalk/program/permission/main/get', 'methods': 'POST', 'status': 200, 'request_data': {'dd_user_id': '01180666186637615720'}, 'response_data': {'permission': ['用户信息', '联友ERP']}}
2021-11-30 14:32:35,799 - INFO - {'url': 'api/dingtalk/program/permission/main/get', 'methods': 'POST', 'status': 200, 'request_data': {'dd_user_id': '01180666186637615720'}, 'response_data': {'permission': ['用户信息', '联友ERP']}}
2021-11-30 14:33:26,557 - INFO - {'url': 'api/dingtalk/program/permission/main/get', 'methods': 'POST', 'status': 200, 'request_data': {'dd_user_id': '01180666186637615720'}, 'response_data': {'permission': ['用户信息', '联友ERP']}}
2021-11-30 14:34:16,302 - INFO - {'url': 'api/dingtalk/program/permission/main/get', 'methods': 'POST', 'status': 200, 'request_data': {'dd_user_id': '01180666186637615720'}, 'response_data': {'permission': ['用户信息', '联友ERP']}}
2021-11-30 14:34:30,234 - INFO - {'url': 'api/dingtalk/program/permission/main/get', 'methods': 'POST', 'status': 200, 'request_data': {'dd_user_id': '01180666186637615720'}, 'response_data': {'permission': ['用户信息', '联友ERP']}}
2021-11-30 14:34:46,031 - INFO - {'url': 'api/dingtalk/program/permission/main/get', 'methods': 'POST', 'status': 200, 'request_data': {'dd_user_id': '01180666186637615720'}, 'response_data': {'permission': ['用户信息', '联友ERP']}}
2021-11-30 14:37:29,121 - INFO - {'url': 'api/dingtalk/program/permission/main/get', 'methods': 'POST', 'status': 200, 'request_data': {'dd_user_id': '01180666186637615720'}, 'response_data': {'permission': ['用户信息', '联友ERP']}}
2021-11-30 14:38:08,233 - INFO - {'url': 'api/dingtalk/program/permission/main/get', 'methods': 'POST', 'status': 200, 'request_data': {'dd_user_id': '01180666186637615720'}, 'response_data': {'permission': ['用户信息', '联友ERP']}}
2021-11-30 14:38:38,213 - INFO - {'url': 'api/dingtalk/program/permission/main/get', 'methods': 'POST', 'status': 200, 'request_data': {'dd_user_id': '01180666186637615720'}, 'response_data': {'permission': ['用户信息', '联友ERP']}}
2021-11-30 14:38:56,116 - INFO - {'url': 'api/dingtalk/program/permission/main/get', 'methods': 'POST', 'status': 200, 'request_data': {'dd_user_id': '01180666186637615720'}, 'response_data': {'permission': ['用户信息', '联友ERP']}}
2021-11-30 14:39:02,662 - INFO - {'url': 'api/dingtalk/program/permission/main/get', 'methods': 'POST', 'status': 200, 'request_data': {'dd_user_id': '01180666186637615720'}, 'response_data': {'permission': ['用户信息', '联友ERP']}}
2021-11-30 14:48:50,256 - INFO - {'url': 'api/dingtalk/program/permission/main/get', 'methods': 'POST', 'status': 200, 'request_data': {'dd_user_id': '01180666186637615720'}, 'response_data': {'permission': ['用户信息', '联友ERP']}}
2021-11-30 14:49:00,548 - INFO - {'url': 'api/dingtalk/program/permission/main/get', 'methods': 'POST', 'status': 200, 'request_data': {'dd_user_id': '01180666186637615720'}, 'response_data': {'permission': ['用户信息', '联友ERP']}}
2021-11-30 14:50:57,396 - INFO - {'url': 'api/dingtalk/program/permission/main/get', 'methods': 'POST', 'status': 200, 'request_data': {'dd_user_id': '01180666186637615720'}, 'response_data': {'permission': ['用户信息', '联友ERP']}}
2021-11-30 14:51:09,497 - INFO - {'url': 'api/dingtalk/program/permission/main/get', 'methods': 'POST', 'status': 200, 'request_data': {'dd_user_id': '01180666186637615720'}, 'response_data': {'permission': ['用户信息', '联友ERP']}}
2021-11-30 14:51:27,403 - INFO - {'url': 'api/dingtalk/program/permission/main/get', 'methods': 'POST', 'status': 200, 'request_data': {'dd_user_id': '01180666186637615720'}, 'response_data': {'permission': ['用户信息', '联友ERP']}}
2021-11-30 14:51:38,906 - INFO - {'url': 'api/dingtalk/program/permission/main/get', 'methods': 'POST', 'status': 200, 'request_data': {'dd_user_id': '01180666186637615720'}, 'response_data': {'permission': ['用户信息', '联友ERP']}}
2021-11-30 14:52:12,017 - INFO - {'url': 'api/dingtalk/program/permission/main/get', 'methods': 'POST', 'status': 200, 'request_data': {'dd_user_id': '01180666186637615720'}, 'response_data': {'permission': ['用户信息', '联友ERP']}}
2021-11-30 14:52:28,894 - INFO - {'url': 'api/dingtalk/program/permission/main/get', 'methods': 'POST', 'status': 200, 'request_data': {'dd_user_id': '01180666186637615720'}, 'response_data': {'permission': ['用户信息', '联友ERP']}}
2021-11-30 14:53:17,478 - INFO - {'url': 'api/dingtalk/program/permission/main/get', 'methods': 'POST', 'status': 200, 'request_data': {'dd_user_id': '01180666186637615720'}, 'response_data': {'permission': ['用户信息', '联友ERP']}}
2021-11-30 14:53:22,780 - INFO - {'url': 'api/dingtalk/program/permission/main/get', 'methods': 'POST', 'status': 200, 'request_data': {'dd_user_id': '01180666186637615720'}, 'response_data': {'permission': ['用户信息', '联友ERP']}}
2021-11-30 14:56:47,008 - INFO - {'url': 'api/dingtalk/program/permission/main/get', 'methods': 'POST', 'status': 200, 'request_data': {'dd_user_id': '01180666186637615720'}, 'response_data': {'permission': ['用户信息', '联友ERP']}}
2021-11-30 14:59:55,495 - INFO - {'url': 'api/dingtalk/program/permission/main/get', 'methods': 'POST', 'status': 200, 'request_data': {'dd_user_id': '01180666186637615720'}, 'response_data': {'permission': ['用户信息', '联友ERP']}}
2021-11-30 15:00:10,075 - INFO - {'url': 'api/dingtalk/program/permission/main/get', 'methods': 'POST', 'status': 200, 'request_data': {'dd_user_id': '01180666186637615720'}, 'response_data': {'permission': ['用户信息', '联友ERP']}}
2021-11-30 15:01:50,178 - INFO - {'url': 'api/dingtalk/program', 'methods': 'GET', 'status': 200, 'request_data': '', 'response_data': 'OK'}
2021-11-30 15:10:00,777 - INFO - {'url': 'api/dingtalk/program/permission/main/get', 'methods': 'POST', 'status': 200, 'request_data': {'dd_user_id': '01180666186637615720'}, 'response_data': {'permission': ['用户信息', '联友ERP']}}
2021-11-30 15:11:40,988 - INFO - {'url': 'api/dingtalk/program/permission/main/get', 'methods': 'POST', 'status': 200, 'request_data': {'dd_user_id': '01180666186637615720'}, 'response_data': {'permission': ['用户信息', '联友ERP']}}
2021-11-30 15:11:43,408 - INFO - {'url': 'api/dingtalk/program/permission/main/get', 'methods': 'POST', 'status': 200, 'request_data': {'dd_user_id': '01180666186637615720'}, 'response_data': {'permission': ['用户信息', '联友ERP']}}
2021-11-30 15:12:46,779 - INFO - {'url': 'api/dingtalk/program/permission/main/get', 'methods': 'POST', 'status': 200, 'request_data': {'dd_user_id': '01180666186637615720'}, 'response_data': {'permission': ['用户信息', '联友ERP']}}
2021-11-30 15:12:48,081 - INFO - {'url': 'api/dingtalk/program/user/authUser/get', 'methods': 'POST', 'status': 200, 'request_data': {'authCode': '5ac626246ad934c0b213a9741d2fd692'}, 'response_data': {'dd_department': [516470070], 'dd_department_name': ['资讯课'], 'dd_department_name_full': ['广东联友办公家具有限公司/联友集团/广东联友办公家具有限公司/生产管理部/资讯课'], 'dd_flag': True, 'dd_user_erp_id': '001114', 'dd_user_id': '01180666186637615720', 'dd_user_jobnumber': '002929', 'dd_user_mobile': '13302496581', 'dd_user_name': '钟耀辉', 'dd_user_position': '系统专员', 'dd_user_sort_mobile': '99'}}
2021-11-30 15:14:12,577 - INFO - {'url': 'api/dingtalk/program/permission/main/get', 'methods': 'POST', 'status': 200, 'request_data': {'dd_user_id': '01180666186637615720'}, 'response_data': {'permission': ['用户信息', '联友ERP']}}
2021-11-30 15:14:13,662 - INFO - {'url': 'api/dingtalk/program/user/authUser/get', 'methods': 'POST', 'status': 200, 'request_data': {'authCode': '5564337608ce36abbd5eaf0a9fe3809e'}, 'response_data': {'dd_department': [516470070], 'dd_department_name': ['资讯课'], 'dd_department_name_full': ['广东联友办公家具有限公司/联友集团/广东联友办公家具有限公司/生产管理部/资讯课'], 'dd_flag': True, 'dd_user_erp_id': '001114', 'dd_user_id': '01180666186637615720', 'dd_user_jobnumber': '002929', 'dd_user_mobile': '13302496581', 'dd_user_name': '钟耀辉', 'dd_user_position': '系统专员', 'dd_user_sort_mobile': '99'}}
2021-11-30 15:17:30,803 - INFO - {'url': 'api/dingtalk/program/permission/main/get', 'methods': 'POST', 'status': 200, 'request_data': {'dd_user_id': '01180666186637615720'}, 'response_data': {'permission': ['用户信息', '联友ERP']}}
2021-11-30 15:17:31,936 - INFO - {'url': 'api/dingtalk/program/user/authUser/get', 'methods': 'POST', 'status': 200, 'request_data': {'authCode': 'e5c322a9a4c137688036587a57074adf'}, 'response_data': {'dd_department': [516470070], 'dd_department_name': ['资讯课'], 'dd_department_name_full': ['广东联友办公家具有限公司/联友集团/广东联友办公家具有限公司/生产管理部/资讯课'], 'dd_flag': True, 'dd_user_erp_id': '001114', 'dd_user_id': '01180666186637615720', 'dd_user_jobnumber': '002929', 'dd_user_mobile': '13302496581', 'dd_user_name': '钟耀辉', 'dd_user_position': '系统专员', 'dd_user_sort_mobile': '99'}}
2021-11-30 15:17:37,671 - INFO - {'url': 'api/dingtalk/program/permission/main/get', 'methods': 'POST', 'status': 200, 'request_data': {'dd_user_id': '01180666186637615720'}, 'response_data': {'permission': ['用户信息', '联友ERP']}}
2021-11-30 15:17:38,726 - INFO - {'url': 'api/dingtalk/program/user/authUser/get', 'methods': 'POST', 'status': 200, 'request_data': {'authCode': '75732fd663003683b5730d98c5db45e6'}, 'response_data': {'dd_department': [516470070], 'dd_department_name': ['资讯课'], 'dd_department_name_full': ['广东联友办公家具有限公司/联友集团/广东联友办公家具有限公司/生产管理部/资讯课'], 'dd_flag': True, 'dd_user_erp_id': '001114', 'dd_user_id': '01180666186637615720', 'dd_user_jobnumber': '002929', 'dd_user_mobile': '13302496581', 'dd_user_name': '钟耀辉', 'dd_user_position': '系统专员', 'dd_user_sort_mobile': '99'}}
2021-11-30 15:18:03,553 - INFO - {'url': 'api/dingtalk/program/permission/main/get', 'methods': 'POST', 'status': 200, 'request_data': {'dd_user_id': '01180666186637615720'}, 'response_data': {'permission': ['用户信息', '联友ERP']}}
2021-11-30 15:18:04,681 - INFO - {'url': 'api/dingtalk/program/user/authUser/get', 'methods': 'POST', 'status': 200, 'request_data': {'authCode': '9acfcf52a2e43fb597f95b6e2af9bded'}, 'response_data': {'dd_department': [516470070], 'dd_department_name': ['资讯课'], 'dd_department_name_full': ['广东联友办公家具有限公司/联友集团/广东联友办公家具有限公司/生产管理部/资讯课'], 'dd_flag': True, 'dd_user_erp_id': '001114', 'dd_user_id': '01180666186637615720', 'dd_user_jobnumber': '002929', 'dd_user_mobile': '13302496581', 'dd_user_name': '钟耀辉', 'dd_user_position': '系统专员', 'dd_user_sort_mobile': '99'}}
2021-11-30 15:18:32,435 - INFO - {'url': 'api/dingtalk/program/permission/main/get', 'methods': 'POST', 'status': 200, 'request_data': {'dd_user_id': '01180666186637615720'}, 'response_data': {'permission': ['用户信息', '联友ERP']}}
2021-11-30 15:18:33,462 - INFO - {'url': 'api/dingtalk/program/user/authUser/get', 'methods': 'POST', 'status': 200, 'request_data': {'authCode': '93872686ac1438cb8f76f069ffe9f0c5'}, 'response_data': {'dd_department': [516470070], 'dd_department_name': ['资讯课'], 'dd_department_name_full': ['广东联友办公家具有限公司/联友集团/广东联友办公家具有限公司/生产管理部/资讯课'], 'dd_flag': True, 'dd_user_erp_id': '001114', 'dd_user_id': '01180666186637615720', 'dd_user_jobnumber': '002929', 'dd_user_mobile': '13302496581', 'dd_user_name': '钟耀辉', 'dd_user_position': '系统专员', 'dd_user_sort_mobile': '99'}}
2021-11-30 15:19:08,583 - INFO - {'url': 'api/dingtalk/program/permission/main/get', 'methods': 'POST', 'status': 200, 'request_data': {'dd_user_id': '01180666186637615720'}, 'response_data': {'permission': ['用户信息', '联友ERP']}}
2021-11-30 15:19:09,680 - INFO - {'url': 'api/dingtalk/program/user/authUser/get', 'methods': 'POST', 'status': 200, 'request_data': {'authCode': 'e5fb8e161d373e7da5318216071aa7fc'}, 'response_data': {'dd_department': [516470070], 'dd_department_name': ['资讯课'], 'dd_department_name_full': ['广东联友办公家具有限公司/联友集团/广东联友办公家具有限公司/生产管理部/资讯课'], 'dd_flag': True, 'dd_user_erp_id': '001114', 'dd_user_id': '01180666186637615720', 'dd_user_jobnumber': '002929', 'dd_user_mobile': '13302496581', 'dd_user_name': '钟耀辉', 'dd_user_position': '系统专员', 'dd_user_sort_mobile': '99'}}
2021-11-30 15:20:23,358 - INFO - {'url': 'api/dingtalk/program/permission/main/get', 'methods': 'POST', 'status': 200, 'request_data': {'dd_user_id': '01180666186637615720'}, 'response_data': {'permission': ['用户信息', '联友ERP']}}
2021-11-30 15:20:24,505 - INFO - {'url': 'api/dingtalk/program/user/authUser/get', 'methods': 'POST', 'status': 200, 'request_data': {'authCode': '0239405d49863577ab0e92d43839397c'}, 'response_data': {'dd_department': [516470070], 'dd_department_name': ['资讯课'], 'dd_department_name_full': ['广东联友办公家具有限公司/联友集团/广东联友办公家具有限公司/生产管理部/资讯课'], 'dd_flag': True, 'dd_user_erp_id': '001114', 'dd_user_id': '01180666186637615720', 'dd_user_jobnumber': '002929', 'dd_user_mobile': '13302496581', 'dd_user_name': '钟耀辉', 'dd_user_position': '系统专员', 'dd_user_sort_mobile': '99'}}
2021-11-30 15:21:52,326 - INFO - {'url': 'api/dingtalk/program/permission/main/get', 'methods': 'POST', 'status': 200, 'request_data': {'dd_user_id': '01180666186637615720'}, 'response_data': {'permission': ['用户信息', '联友ERP']}}
2021-11-30 15:21:53,390 - INFO - {'url': 'api/dingtalk/program/user/authUser/get', 'methods': 'POST', 'status': 200, 'request_data': {'authCode': 'de670c65045e312b95ecdfeaace3411f'}, 'response_data': {'dd_department': [516470070], 'dd_department_name': ['资讯课'], 'dd_department_name_full': ['广东联友办公家具有限公司/联友集团/广东联友办公家具有限公司/生产管理部/资讯课'], 'dd_flag': True, 'dd_user_erp_id': '001114', 'dd_user_id': '01180666186637615720', 'dd_user_jobnumber': '002929', 'dd_user_mobile': '13302496581', 'dd_user_name': '钟耀辉', 'dd_user_position': '系统专员', 'dd_user_sort_mobile': '99'}}
2021-11-30 15:23:10,689 - INFO - {'url': 'api/dingtalk/program/permission/main/get', 'methods': 'POST', 'status': 200, 'request_data': {'dd_user_id': '01180666186637615720'}, 'response_data': {'permission': ['用户信息', '联友ERP']}}
2021-11-30 15:23:11,835 - INFO - {'url': 'api/dingtalk/program/user/authUser/get', 'methods': 'POST', 'status': 200, 'request_data': {'authCode': 'fa64f066c2b23f18b64d869ca15669d8'}, 'response_data': {'dd_department': [516470070], 'dd_department_name': ['资讯课'], 'dd_department_name_full': ['广东联友办公家具有限公司/联友集团/广东联友办公家具有限公司/生产管理部/资讯课'], 'dd_flag': True, 'dd_user_erp_id': '001114', 'dd_user_id': '01180666186637615720', 'dd_user_jobnumber': '002929', 'dd_user_mobile': '13302496581', 'dd_user_name': '钟耀辉', 'dd_user_position': '系统专员', 'dd_user_sort_mobile': '99'}}
2021-11-30 15:23:48,625 - INFO - {'url': 'api/dingtalk/program/permission/main/get', 'methods': 'POST', 'status': 200, 'request_data': {'dd_user_id': ''}, 'response_data': {'permission': []}}
2021-11-30 15:23:49,662 - INFO - {'url': 'api/dingtalk/program/user/authUser/get', 'methods': 'POST', 'status': 200, 'request_data': {'authCode': '1c85e1ee52823e95a35f9659e6815581'}, 'response_data': {'dd_department': [516470070], 'dd_department_name': ['资讯课'], 'dd_department_name_full': ['广东联友办公家具有限公司/联友集团/广东联友办公家具有限公司/生产管理部/资讯课'], 'dd_flag': True, 'dd_user_erp_id': '001114', 'dd_user_id': '01180666186637615720', 'dd_user_jobnumber': '002929', 'dd_user_mobile': '13302496581', 'dd_user_name': '钟耀辉', 'dd_user_position': '系统专员', 'dd_user_sort_mobile': '99'}}
2021-11-30 15:24:14,838 - INFO - {'url': 'api/dingtalk/program/permission/main/get', 'methods': 'POST', 'status': 200, 'request_data': {'dd_user_id': ''}, 'response_data': {'permission': []}}
2021-11-30 15:24:15,846 - INFO - {'url': 'api/dingtalk/program/user/authUser/get', 'methods': 'POST', 'status': 200, 'request_data': {'authCode': '6af6d8f42b3b31c4964a65a78cae59db'}, 'response_data': {'dd_department': [516470070], 'dd_department_name': ['资讯课'], 'dd_department_name_full': ['广东联友办公家具有限公司/联友集团/广东联友办公家具有限公司/生产管理部/资讯课'], 'dd_flag': True, 'dd_user_erp_id': '001114', 'dd_user_id': '01180666186637615720', 'dd_user_jobnumber': '002929', 'dd_user_mobile': '13302496581', 'dd_user_name': '钟耀辉', 'dd_user_position': '系统专员', 'dd_user_sort_mobile': '99'}}
2021-11-30 15:24:33,712 - INFO - {'url': 'api/dingtalk/program/permission/main/get', 'methods': 'POST', 'status': 200, 'request_data': {'dd_user_id': ''}, 'response_data': {'permission': []}}
2021-11-30 15:24:34,785 - INFO - {'url': 'api/dingtalk/program/user/authUser/get', 'methods': 'POST', 'status': 200, 'request_data': {'authCode': '2ca6530e246e3f43b62401eacd4a83ac'}, 'response_data': {'dd_department': [516470070], 'dd_department_name': ['资讯课'], 'dd_department_name_full': ['广东联友办公家具有限公司/联友集团/广东联友办公家具有限公司/生产管理部/资讯课'], 'dd_flag': True, 'dd_user_erp_id': '001114', 'dd_user_id': '01180666186637615720', 'dd_user_jobnumber': '002929', 'dd_user_mobile': '13302496581', 'dd_user_name': '钟耀辉', 'dd_user_position': '系统专员', 'dd_user_sort_mobile': '99'}}
2021-11-30 15:25:40,026 - INFO - {'url': 'api/dingtalk/program/permission/main/get', 'methods': 'POST', 'status': 200, 'request_data': {'dd_user_id': ''}, 'response_data': {'permission': []}}
2021-11-30 15:25:41,039 - INFO - {'url': 'api/dingtalk/program/user/authUser/get', 'methods': 'POST', 'status': 200, 'request_data': {'authCode': '1e1a3339e648311cb824ba9d80bee1e3'}, 'response_data': {'dd_department': [516470070], 'dd_department_name': ['资讯课'], 'dd_department_name_full': ['广东联友办公家具有限公司/联友集团/广东联友办公家具有限公司/生产管理部/资讯课'], 'dd_flag': True, 'dd_user_erp_id': '001114', 'dd_user_id': '01180666186637615720', 'dd_user_jobnumber': '002929', 'dd_user_mobile': '13302496581', 'dd_user_name': '钟耀辉', 'dd_user_position': '系统专员', 'dd_user_sort_mobile': '99'}}
2021-11-30 15:28:00,482 - INFO - {'url': 'api/dingtalk/program/permission/main/get', 'methods': 'POST', 'status': 200, 'request_data': {'dd_user_id': ''}, 'response_data': {'permission': []}}
2021-11-30 15:28:11,817 - INFO - {'url': 'api/dingtalk/program/user/authUser/get', 'methods': 'POST', 'status': 200, 'request_data': {'authCode': 'd892231c124439aaa6436139fc0b95c4'}, 'response_data': {'dd_department': [516470070], 'dd_department_name': ['资讯课'], 'dd_department_name_full': ['广东联友办公家具有限公司/联友集团/广东联友办公家具有限公司/生产管理部/资讯课'], 'dd_flag': True, 'dd_user_erp_id': '001114', 'dd_user_id': '01180666186637615720', 'dd_user_jobnumber': '002929', 'dd_user_mobile': '13302496581', 'dd_user_name': '钟耀辉', 'dd_user_position': '系统专员', 'dd_user_sort_mobile': '99'}}
2021-11-30 15:28:11,993 - INFO - {'url': 'api/dingtalk/program/permission/main/get', 'methods': 'POST', 'status': 200, 'request_data': {'dd_user_id': '01180666186637615720'}, 'response_data': {'permission': ['用户信息', '联友ERP']}}
2021-11-30 15:28:28,246 - INFO - {'url': 'api/dingtalk/program/user/authUser/get', 'methods': 'POST', 'status': 200, 'request_data': {'authCode': 'e19dc9b32ee53b4fad61fc2253dd3656'}, 'response_data': {'dd_department': [516470070], 'dd_department_name': ['资讯课'], 'dd_department_name_full': ['广东联友办公家具有限公司/联友集团/广东联友办公家具有限公司/生产管理部/资讯课'], 'dd_flag': True, 'dd_user_erp_id': '001114', 'dd_user_id': '01180666186637615720', 'dd_user_jobnumber': '002929', 'dd_user_mobile': '13302496581', 'dd_user_name': '钟耀辉', 'dd_user_position': '系统专员', 'dd_user_sort_mobile': '99'}}
2021-11-30 15:28:28,372 - INFO - {'url': 'api/dingtalk/program/permission/main/get', 'methods': 'POST', 'status': 200, 'request_data': {'dd_user_id': '01180666186637615720'}, 'response_data': {'permission': ['用户信息', '联友ERP']}}
2021-11-30 15:41:35,162 - INFO - {'url': 'api/dingtalk/program/user/authUser/get', 'methods': 'POST', 'status': 200, 'request_data': {'authCode': 'fc932d06c8663c8d94c0f470448da6b5'}, 'response_data': {'dd_department': [516470070], 'dd_department_name': ['资讯课'], 'dd_department_name_full': ['广东联友办公家具有限公司/联友集团/广东联友办公家具有限公司/生产管理部/资讯课'], 'dd_flag': True, 'dd_user_erp_id': '001114', 'dd_user_id': '01180666186637615720', 'dd_user_jobnumber': '002929', 'dd_user_mobile': '13302496581', 'dd_user_name': '钟耀辉', 'dd_user_position': '系统专员', 'dd_user_sort_mobile': '99'}}
2021-11-30 15:41:35,294 - INFO - {'url': 'api/dingtalk/program/permission/main/get', 'methods': 'POST', 'status': 200, 'request_data': {'dd_user_id': '01180666186637615720'}, 'response_data': {'permission': ['用户信息', '联友ERP', '基础组件', 'API']}}
2021-11-30 15:41:56,228 - INFO - {'url': 'api/dingtalk/program/user/authUser/get', 'methods': 'POST', 'status': 200, 'request_data': {'authCode': 'cd347150588d31bdae5ce0651b6f3cfc'}, 'response_data': {'dd_department': [516470070], 'dd_department_name': ['资讯课'], 'dd_department_name_full': ['广东联友办公家具有限公司/联友集团/广东联友办公家具有限公司/生产管理部/资讯课'], 'dd_flag': True, 'dd_user_erp_id': '001114', 'dd_user_id': '01180666186637615720', 'dd_user_jobnumber': '002929', 'dd_user_mobile': '13302496581', 'dd_user_name': '钟耀辉', 'dd_user_position': '系统专员', 'dd_user_sort_mobile': '99'}}
2021-11-30 15:41:56,350 - INFO - {'url': 'api/dingtalk/program/permission/main/get', 'methods': 'POST', 'status': 200, 'request_data': {'dd_user_id': '01180666186637615720'}, 'response_data': {'permission': ['用户信息', '联友ERP', '基础组件', 'API']}}
2021-11-30 15:44:57,297 - INFO - {'url': 'api/dingtalk/program/user/authUser/get', 'methods': 'POST', 'status': 200, 'request_data': {'authCode': 'c840f5c8b3ac320fa6c61b201c0bac07'}, 'response_data': {'dd_department': [516470070], 'dd_department_name': ['资讯课'], 'dd_department_name_full': ['广东联友办公家具有限公司/联友集团/广东联友办公家具有限公司/生产管理部/资讯课'], 'dd_flag': True, 'dd_user_erp_id': '001114', 'dd_user_id': '01180666186637615720', 'dd_user_jobnumber': '002929', 'dd_user_mobile': '13302496581', 'dd_user_name': '钟耀辉', 'dd_user_position': '系统专员', 'dd_user_sort_mobile': '99'}}
2021-11-30 15:44:57,421 - INFO - {'url': 'api/dingtalk/program/permission/main/get', 'methods': 'POST', 'status': 200, 'request_data': {'dd_user_id': '01180666186637615720'}, 'response_data': {'permission': ['用户信息', '联友ERP', '基础组件', 'API']}}
2021-11-30 15:45:17,552 - INFO - {'url': 'api/dingtalk/program/user/authUser/get', 'methods': 'POST', 'status': 200, 'request_data': {'authCode': 'cf2e5f10801e3d8c88f00f7c9535e882'}, 'response_data': {'dd_department': [516470070], 'dd_department_name': ['资讯课'], 'dd_department_name_full': ['广东联友办公家具有限公司/联友集团/广东联友办公家具有限公司/生产管理部/资讯课'], 'dd_flag': True, 'dd_user_erp_id': '001114', 'dd_user_id': '01180666186637615720', 'dd_user_jobnumber': '002929', 'dd_user_mobile': '13302496581', 'dd_user_name': '钟耀辉', 'dd_user_position': '系统专员', 'dd_user_sort_mobile': '99'}}
2021-11-30 15:45:17,676 - INFO - {'url': 'api/dingtalk/program/permission/main/get', 'methods': 'POST', 'status': 200, 'request_data': {'dd_user_id': '01180666186637615720'}, 'response_data': {'permission': ['用户信息', '联友ERP', '基础组件', 'API']}}
2021-11-30 15:45:39,373 - INFO - {'url': 'api/dingtalk/program/user/authUser/get', 'methods': 'POST', 'status': 200, 'request_data': {'authCode': '983a946bbed23897b90b2d8e486eb4d9'}, 'response_data': {'dd_department': [516470070], 'dd_department_name': ['资讯课'], 'dd_department_name_full': ['广东联友办公家具有限公司/联友集团/广东联友办公家具有限公司/生产管理部/资讯课'], 'dd_flag': True, 'dd_user_erp_id': '001114', 'dd_user_id': '01180666186637615720', 'dd_user_jobnumber': '002929', 'dd_user_mobile': '13302496581', 'dd_user_name': '钟耀辉', 'dd_user_position': '系统专员', 'dd_user_sort_mobile': '99'}}
2021-11-30 15:45:39,499 - INFO - {'url': 'api/dingtalk/program/permission/main/get', 'methods': 'POST', 'status': 200, 'request_data': {'dd_user_id': '01180666186637615720'}, 'response_data': {'permission': ['用户信息', '联友ERP', '基础组件', 'API']}}
2021-11-30 15:46:03,588 - INFO - {'url': 'api/dingtalk/program/user/authUser/get', 'methods': 'POST', 'status': 200, 'request_data': {'authCode': '9f061bb437d53171910ffb7cda3b0d97'}, 'response_data': {'dd_department': [516470070], 'dd_department_name': ['资讯课'], 'dd_department_name_full': ['广东联友办公家具有限公司/联友集团/广东联友办公家具有限公司/生产管理部/资讯课'], 'dd_flag': True, 'dd_user_erp_id': '001114', 'dd_user_id': '01180666186637615720', 'dd_user_jobnumber': '002929', 'dd_user_mobile': '13302496581', 'dd_user_name': '钟耀辉', 'dd_user_position': '系统专员', 'dd_user_sort_mobile': '99'}}
2021-11-30 15:46:03,711 - INFO - {'url': 'api/dingtalk/program/permission/main/get', 'methods': 'POST', 'status': 200, 'request_data': {'dd_user_id': '01180666186637615720'}, 'response_data': {'permission': ['用户信息', '联友ERP', '基础组件', 'API']}}
2021-11-30 15:47:52,967 - INFO - {'url': 'api/dingtalk/program/user/authUser/get', 'methods': 'POST', 'status': 200, 'request_data': {'authCode': 'eda227cf0fda36ff86dcaa2b327461d3'}, 'response_data': {'dd_department': [516470070], 'dd_department_name': ['资讯课'], 'dd_department_name_full': ['广东联友办公家具有限公司/联友集团/广东联友办公家具有限公司/生产管理部/资讯课'], 'dd_flag': True, 'dd_user_erp_id': '001114', 'dd_user_id': '01180666186637615720', 'dd_user_jobnumber': '002929', 'dd_user_mobile': '13302496581', 'dd_user_name': '钟耀辉', 'dd_user_position': '系统专员', 'dd_user_sort_mobile': '99'}}
2021-11-30 15:47:53,088 - INFO - {'url': 'api/dingtalk/program/permission/main/get', 'methods': 'POST', 'status': 200, 'request_data': {'dd_user_id': '01180666186637615720'}, 'response_data': {'permission': ['用户信息', '联友ERP', '基础组件', 'API']}}
2021-11-30 15:48:00,811 - INFO - {'url': 'api/dingtalk/program/user/authUser/get', 'methods': 'POST', 'status': 200, 'request_data': {'authCode': '6305e42758af3cad98f8a005f6447c8a'}, 'response_data': {'dd_department': [516470070], 'dd_department_name': ['资讯课'], 'dd_department_name_full': ['广东联友办公家具有限公司/联友集团/广东联友办公家具有限公司/生产管理部/资讯课'], 'dd_flag': True, 'dd_user_erp_id': '001114', 'dd_user_id': '01180666186637615720', 'dd_user_jobnumber': '002929', 'dd_user_mobile': '13302496581', 'dd_user_name': '钟耀辉', 'dd_user_position': '系统专员', 'dd_user_sort_mobile': '99'}}
2021-11-30 15:48:00,937 - INFO - {'url': 'api/dingtalk/program/permission/main/get', 'methods': 'POST', 'status': 200, 'request_data': {'dd_user_id': '01180666186637615720'}, 'response_data': {'permission': ['用户信息', '联友ERP', '基础组件', 'API']}}
2021-11-30 15:50:38,269 - INFO - {'url': 'api/dingtalk/program/user/authUser/get', 'methods': 'POST', 'status': 200, 'request_data': {'authCode': '16fbb959b39b3a48a4ee0105479a6ca6'}, 'response_data': {'dd_department': [516470070], 'dd_department_name': ['资讯课'], 'dd_department_name_full': ['广东联友办公家具有限公司/联友集团/广东联友办公家具有限公司/生产管理部/资讯课'], 'dd_flag': True, 'dd_user_erp_id': '001114', 'dd_user_id': '01180666186637615720', 'dd_user_jobnumber': '002929', 'dd_user_mobile': '13302496581', 'dd_user_name': '钟耀辉', 'dd_user_position': '系统专员', 'dd_user_sort_mobile': '99'}}
2021-11-30 15:50:38,393 - INFO - {'url': 'api/dingtalk/program/permission/main/get', 'methods': 'POST', 'status': 200, 'request_data': {'dd_user_id': '01180666186637615720'}, 'response_data': {'permission': ['用户信息', '联友ERP', '基础组件', 'API']}}
2021-11-30 15:50:47,984 - INFO - {'url': 'api/dingtalk/program/user/authUser/get', 'methods': 'POST', 'status': 200, 'request_data': {'authCode': 'a838c5b833943f179e9f2bac940a26d2'}, 'response_data': {'dd_department': [516470070], 'dd_department_name': ['资讯课'], 'dd_department_name_full': ['广东联友办公家具有限公司/联友集团/广东联友办公家具有限公司/生产管理部/资讯课'], 'dd_flag': True, 'dd_user_erp_id': '001114', 'dd_user_id': '01180666186637615720', 'dd_user_jobnumber': '002929', 'dd_user_mobile': '13302496581', 'dd_user_name': '钟耀辉', 'dd_user_position': '系统专员', 'dd_user_sort_mobile': '99'}}
2021-11-30 15:50:48,111 - INFO - {'url': 'api/dingtalk/program/permission/main/get', 'methods': 'POST', 'status': 200, 'request_data': {'dd_user_id': '01180666186637615720'}, 'response_data': {'permission': ['用户信息', '联友ERP', '基础组件', 'API']}}
2021-11-30 15:56:25,901 - INFO - {'url': 'api/dingtalk/program/user/authUser/get', 'methods': 'POST', 'status': 200, 'request_data': {'authCode': '0ae4992c79163753b6e95c45c4b88571'}, 'response_data': {'dd_department': [516470070], 'dd_department_name': ['资讯课'], 'dd_department_name_full': ['广东联友办公家具有限公司/联友集团/广东联友办公家具有限公司/生产管理部/资讯课'], 'dd_flag': True, 'dd_user_erp_id': '001114', 'dd_user_id': '01180666186637615720', 'dd_user_jobnumber': '002929', 'dd_user_mobile': '13302496581', 'dd_user_name': '钟耀辉', 'dd_user_position': '系统专员', 'dd_user_sort_mobile': '99'}}
2021-11-30 15:56:26,033 - INFO - {'url': 'api/dingtalk/program/permission/main/get', 'methods': 'POST', 'status': 200, 'request_data': {'dd_user_id': '01180666186637615720'}, 'response_data': {'permission': ['用户信息', '联友ERP', '基础组件', 'API']}}
2021-11-30 15:56:33,390 - INFO - {'url': 'api/dingtalk/program/user/authUser/get', 'methods': 'POST', 'status': 200, 'request_data': {'authCode': 'f4a61e000f173c18beeb86a56c1d6b97'}, 'response_data': {'dd_department': [516470070], 'dd_department_name': ['资讯课'], 'dd_department_name_full': ['广东联友办公家具有限公司/联友集团/广东联友办公家具有限公司/生产管理部/资讯课'], 'dd_flag': True, 'dd_user_erp_id': '001114', 'dd_user_id': '01180666186637615720', 'dd_user_jobnumber': '002929', 'dd_user_mobile': '13302496581', 'dd_user_name': '钟耀辉', 'dd_user_position': '系统专员', 'dd_user_sort_mobile': '99'}}
2021-11-30 15:56:33,522 - INFO - {'url': 'api/dingtalk/program/permission/main/get', 'methods': 'POST', 'status': 200, 'request_data': {'dd_user_id': '01180666186637615720'}, 'response_data': {'permission': ['用户信息', '联友ERP', '基础组件', 'API']}}
2021-11-30 15:59:42,591 - INFO - {'url': 'api/dingtalk/program/user/authUser/get', 'methods': 'POST', 'status': 200, 'request_data': {'authCode': '76573528e11f3f98b294b2e5249edf09'}, 'response_data': {'dd_department': [516470070], 'dd_department_name': ['资讯课'], 'dd_department_name_full': ['广东联友办公家具有限公司/联友集团/广东联友办公家具有限公司/生产管理部/资讯课'], 'dd_flag': True, 'dd_user_erp_id': '001114', 'dd_user_id': '01180666186637615720', 'dd_user_jobnumber': '002929', 'dd_user_mobile': '13302496581', 'dd_user_name': '钟耀辉', 'dd_user_position': '系统专员', 'dd_user_sort_mobile': '99'}}
2021-11-30 15:59:42,709 - INFO - {'url': 'api/dingtalk/program/permission/main/get', 'methods': 'POST', 'status': 200, 'request_data': {'dd_user_id': '01180666186637615720'}, 'response_data': {'permission': ['用户信息', '联友ERP', '基础组件', 'API']}}
2021-11-30 16:03:18,575 - INFO - {'url': 'api/dingtalk/program/user/authUser/get', 'methods': 'POST', 'status': 200, 'request_data': {'authCode': 'b4e45106947236e39feb29c911eaf6db'}, 'response_data': {'dd_department': [516470070], 'dd_department_name': ['资讯课'], 'dd_department_name_full': ['广东联友办公家具有限公司/联友集团/广东联友办公家具有限公司/生产管理部/资讯课'], 'dd_flag': True, 'dd_user_erp_id': '001114', 'dd_user_id': '01180666186637615720', 'dd_user_jobnumber': '002929', 'dd_user_mobile': '13302496581', 'dd_user_name': '钟耀辉', 'dd_user_position': '系统专员', 'dd_user_sort_mobile': '99'}}
2021-11-30 16:03:18,705 - INFO - {'url': 'api/dingtalk/program/permission/main/get', 'methods': 'POST', 'status': 200, 'request_data': {'dd_user_id': '01180666186637615720'}, 'response_data': {'permission': ['用户信息', '联友ERP', '基础组件', 'API']}}
2021-11-30 16:37:11,457 - INFO - {'url': 'api/dingtalk/program', 'methods': 'GET', 'status': 200, 'request_data': '', 'response_data': 'OK'}
