
2021-06-25 11:46:47,047 - WARNING: Main_定时任务关闭
2021-06-25 11:46:47,875 - WARNING: Main_定时任务开始
2021-06-28 07:45:47,978 - WARNING: Main_定时任务开始
2021-06-28 10:16:04,756 - WARNING: Main_定时任务关闭
2021-06-28 16:28:17,590 - WARNING: Main_定时任务开始
2021-06-28 16:49:15,420 - WARNING: Main_定时任务关闭
2021-06-28 16:49:30,544 - WARNING: Main_定时任务开始
2021-06-28 17:35:48,759 - WARNING: Main_定时任务关闭
2021-06-30 10:40:15,040 - WARNING: Main_定时任务开始
2021-06-30 10:41:31,865 - WARNING: Main_定时任务关闭
2021-06-30 10:43:37,916 - WARNING: Main_定时任务开始
2021-06-30 10:43:40,024 - WARNING: Main_定时任务关闭
2021-06-30 10:43:45,964 - WARNING: Main_定时任务开始
2021-06-30 10:43:48,300 - WARNING: Main_定时任务关闭
2021-06-30 10:53:07,471 - WARNING: Main_定时任务开始
2021-06-30 10:54:13,788 - WARNING: Main_定时任务关闭
2021-06-30 10:54:18,400 - WARNING: Main_定时任务开始
2021-06-30 10:54:34,005 - WARNING: Main_定时任务关闭
2021-06-30 10:54:36,123 - WARNING: Main_定时任务开始
2021-06-30 10:54:37,044 - WARNING: Main_定时任务关闭
2021-06-30 10:55:57,480 - WARNING: Main_定时任务开始
2021-06-30 10:57:01,252 - WARNING: Main_定时任务关闭
2021-06-30 10:59:31,064 - WARNING: Main_定时任务开始
2021-06-30 11:35:40,632 - WARNING: Main_定时任务关闭
2021-06-30 16:03:16,169 - WARNING: Main_定时任务开始
2021-06-30 16:04:13,041 - WARNING: Main_定时任务关闭
2021-06-30 16:04:15,455 - WARNING: Main_定时任务开始
2021-06-30 16:05:11,891 - WARNING: Main_定时任务关闭
2021-06-30 16:05:14,133 - WARNING: Main_定时任务开始
2021-06-30 16:07:39,896 - WARNING: Main_定时任务关闭
2021-06-30 16:07:42,040 - WARNING: Main_定时任务开始
2021-06-30 16:09:41,647 - WARNING: Main_定时任务关闭
2021-06-30 16:09:43,634 - WARNING: Main_定时任务开始
2021-06-30 16:09:57,437 - WARNING: Main_定时任务关闭
2021-06-30 16:09:58,854 - WARNING: Main_定时任务开始
2021-06-30 16:10:07,060 - WARNING: Main_定时任务关闭
2021-06-30 16:10:08,577 - WARNING: Main_定时任务开始
2021-06-30 16:12:13,501 - WARNING: Main_定时任务关闭
2021-06-30 16:12:14,762 - WARNING: Main_定时任务开始
2021-06-30 16:12:17,669 - WARNING: Main_定时任务关闭
2021-06-30 16:12:20,245 - WARNING: Main_定时任务开始
2021-06-30 16:12:51,145 - WARNING: Main_定时任务关闭
2021-06-30 16:12:52,093 - WARNING: Main_定时任务开始
2021-06-30 16:13:54,122 - WARNING: Main_定时任务关闭
2021-06-30 16:19:10,850 - WARNING: Main_定时任务开始
2021-06-30 16:19:12,986 - WARNING: Main_定时任务关闭
2021-06-30 16:19:45,274 - WARNING: Main_定时任务开始
2021-06-30 16:19:46,817 - WARNING: Main_定时任务关闭
2021-06-30 17:03:10,452 - WARNING: Main_定时任务开始
2021-06-30 17:03:43,279 - WARNING: Main_定时任务关闭
2021-06-30 17:03:44,643 - WARNING: Main_定时任务开始
2021-06-30 17:04:00,979 - WARNING: Main_定时任务关闭
2021-06-30 17:04:01,983 - WARNING: Main_定时任务开始
2021-07-01 08:00:26,181 - WARNING: Main_定时任务关闭
2021-07-01 09:46:32,651 - WARNING: Main_定时任务开始
2021-07-01 09:47:36,422 - WARNING: Main_定时任务关闭
2021-07-01 09:47:37,503 - WARNING: Main_定时任务开始
2021-07-01 14:29:31,438 - WARNING: Main_定时任务关闭
2021-07-01 14:29:32,538 - WARNING: Main_定时任务开始
2021-07-01 16:09:05,000 - WARNING: Main_定时任务关闭
2021-07-01 16:09:06,087 - WARNING: Main_定时任务开始
2021-07-02 08:16:10,438 - WARNING: Main_定时任务关闭
2021-07-02 08:16:12,006 - WARNING: Main_定时任务开始
2021-07-02 11:14:17,620 - WARNING: Main_定时任务关闭
2021-07-02 11:14:18,966 - WARNING: Main_定时任务开始
2021-07-02 11:21:02,774 - WARNING: Main_定时任务关闭
2021-07-02 11:33:20,559 - WARNING: Main_定时任务开始
2021-07-02 11:33:20,559 - WARNING: Main_现有任务:[<Job (id=f0b49e90a8d84a0d8b6db898a9876f2b name=erpSelloutScanHandler)>]
2021-07-02 11:33:23,098 - WARNING: Main_定时任务关闭
2021-07-02 11:35:39,969 - WARNING: Main_定时任务开始
2021-07-02 11:35:39,969 - WARNING: Main_现有任务:[<Job (id=2be1408a028942c880cae2f7f0164d70 name=erpSelloutScanHandler)>]
2021-07-02 11:35:42,022 - WARNING: Main_定时任务关闭
2021-07-02 11:37:53,069 - WARNING: Main_定时任务开始
2021-07-02 11:37:53,069 - WARNING: Main_现有任务:[<Job (id=ea091f445c9e4cebbd17f4242152cc17 name=erpSelloutScanHandler)>]
2021-07-02 11:38:31,050 - WARNING: Main_定时任务开始
2021-07-02 11:38:31,050 - WARNING: Main_现有任务:[<Job (id=39217b7e6a9e48619422c4e6fa5a8638 name=erpSelloutScanHandler)>]
2021-07-02 11:38:35,235 - WARNING: Main_定时任务关闭
2021-07-02 11:39:44,002 - WARNING: Main_定时任务开始
2021-07-02 11:39:44,002 - WARNING: Main_现有任务:[<Job (id=9cfef276a4e6421f9e5e533babfa64aa name=erpSelloutScanHandler)>]
2021-07-02 12:00:34,786 - WARNING: Main_定时任务开始
2021-07-02 12:00:34,786 - WARNING: Main_现有任务:[<Job (id=0f49999e209f46478518a4211968bde0 name=erpSelloutScanHandler)>]
2021-07-02 12:01:36,878 - WARNING: Main_定时任务关闭
2021-07-02 12:23:59,857 - WARNING: Main_定时任务开始
2021-07-02 12:23:59,857 - WARNING: Main_现有任务:[<Job (id=879b201265ff4f2ea3fa08e3e79e5736 name=erpSelloutScanHandler)>]
2021-07-02 12:24:01,592 - WARNING: Main_定时任务关闭
2021-07-02 12:25:28,399 - WARNING: Main_定时任务开始
2021-07-02 12:25:28,399 - WARNING: Main_现有任务:[<Job (id=8a03fdcc4399400e9726fddc52373af4 name=erpSelloutScanHandler)>]
2021-07-02 12:25:31,411 - WARNING: Main_定时任务关闭
2021-07-02 12:26:54,189 - WARNING: Main_定时任务开始
2021-07-02 12:26:54,190 - WARNING: Main_现有任务:[<Job (id=7589fdfb4d2e4d57aba2ef6ea16cf58c name=erpSelloutScanHandler)>]
2021-07-02 12:26:56,609 - WARNING: Main_定时任务关闭
2021-07-02 12:27:21,812 - WARNING: Main_定时任务开始
2021-07-02 12:27:21,812 - WARNING: Main_现有任务:[<Job (id=7b7f1da8e48440c2b97412d04e45f715 name=erpSelloutScanHandler)>]
2021-07-02 12:27:29,280 - WARNING: Main_定时任务关闭
2021-07-02 12:28:40,731 - WARNING: Main_定时任务开始
2021-07-02 12:28:40,731 - WARNING: Main_现有任务:[<Job (id=91dee516def24718857de25b2dee65b4 name=erpSelloutScanHandler)>]
2021-07-02 12:28:42,857 - WARNING: Main_定时任务关闭
2021-07-02 12:29:09,373 - WARNING: Main_定时任务开始
2021-07-02 12:29:09,374 - WARNING: Main_现有任务:[<Job (id=35e1c8b341104409a5d4174a048689b2 name=erpSelloutScanHandler)>]
2021-07-02 12:29:27,474 - WARNING: Main_定时任务关闭
2021-07-02 16:37:40,152 - WARNING: Main_定时任务开始
2021-07-02 16:37:40,152 - WARNING: Main_现有任务:[]
2021-07-02 16:38:14,830 - WARNING: Main_定时任务关闭
2021-07-02 16:38:17,145 - WARNING: Main_定时任务开始
2021-07-02 16:38:17,145 - WARNING: Main_现有任务:[]
2021-07-02 16:41:18,399 - WARNING: Main_定时任务关闭
2021-07-02 16:41:20,833 - WARNING: Main_定时任务开始
2021-07-02 16:41:20,833 - WARNING: Main_现有任务:[]
2021-07-02 16:41:23,065 - WARNING: Main_定时任务关闭
2021-07-02 16:42:14,388 - WARNING: Main_定时任务开始
2021-07-02 16:42:14,389 - WARNING: Main_现有任务:[]
2021-07-02 16:43:11,119 - WARNING: Main_定时任务关闭
2021-07-02 16:43:12,623 - WARNING: Main_定时任务开始
2021-07-02 16:43:12,624 - WARNING: Main_现有任务:[]
2021-07-02 16:43:26,466 - WARNING: Main_定时任务关闭
2021-07-02 16:43:28,678 - WARNING: Main_定时任务开始
2021-07-02 16:43:28,678 - WARNING: Main_现有任务:[]
2021-07-02 16:43:42,998 - WARNING: Main_定时任务关闭
2021-07-02 16:44:33,565 - WARNING: Main_定时任务开始
2021-07-02 16:44:33,565 - WARNING: Main_现有任务:[]
2021-07-02 16:44:36,015 - WARNING: Main_定时任务关闭
2021-07-07 10:29:21,367 - WARNING: Main_定时任务开始
2021-07-07 10:29:21,367 - WARNING: Main_现有任务:[<Job (id=5ce79d21fd8846e78498e4be8134a954 name=logTimeHandler)>]
2021-07-07 10:39:08,029 - WARNING: Main_定时任务关闭
2021-07-07 10:39:08,904 - WARNING: Main_定时任务开始
2021-07-07 10:39:08,905 - WARNING: Main_现有任务:[<Job (id=f528376262144689bd991eb029346ae0 name=logTimeHandler)>]
2021-07-07 10:41:23,631 - WARNING: Main_定时任务关闭
2021-07-07 10:41:24,319 - WARNING: Main_定时任务开始
2021-07-07 10:41:24,319 - WARNING: Main_现有任务:[<Job (id=183938b5ea084abdb76ebca5d3bfce03 name=logTimeHandler)>]
2021-07-07 11:02:40,726 - WARNING: Main_定时任务关闭
2021-07-07 11:02:41,589 - WARNING: Main_定时任务开始
2021-07-07 11:02:41,589 - WARNING: Main_现有任务:[<Job (id=8b802a90bb024c75965cadd3026ff495 name=logTimeHandler)>]
2021-07-07 11:02:44,260 - WARNING: Main_定时任务关闭
2021-07-07 11:03:01,845 - WARNING: Main_定时任务开始
2021-07-07 11:03:01,845 - WARNING: Main_现有任务:[<Job (id=db8eb9ddb7644a6d89a17b4919762354 name=logTimeHandler)>]
2021-07-09 14:30:37,330 - WARNING: Main_定时任务开始
2021-07-09 14:30:37,330 - WARNING: Main_现有任务:[<Job (id=393b48070d5c4b22810d10af41e2f762 name=logTimeHandler)>]
2021-07-09 14:30:41,832 - WARNING: Main_定时任务关闭
2021-07-12 14:12:19,304 - WARNING: Main_定时任务开始
2021-07-12 14:12:19,304 - WARNING: Main_现有任务:[<Job (id=12744487498543cfbd96b11cc53e57fa name=basicPlanFixHandler)>]
2021-07-12 14:15:44,863 - WARNING: Main_定时任务关闭
2021-07-12 14:15:45,715 - WARNING: Main_定时任务开始
2021-07-12 14:15:45,715 - WARNING: Main_现有任务:[<Job (id=668ca456f8ca43d098239ebae1984e9d name=basicPlanFixHandler)>]
2021-07-12 14:18:49,750 - WARNING: Main_定时任务关闭
2021-07-12 14:18:50,616 - WARNING: Main_定时任务开始
2021-07-12 14:18:50,616 - WARNING: Main_现有任务:[<Job (id=430271702029492b8be558d504fdd0f7 name=basicPlanFixHandler)>]
2021-07-12 14:26:57,936 - WARNING: Main_定时任务关闭
2021-07-12 15:49:41,022 - WARNING: Main_定时任务开始
2021-07-12 15:49:41,022 - WARNING: Main_现有任务:[<Job (id=fcd552f69ab2418f9ff5609b6b40f994 name=basicPlanFixHandler)>]
2021-07-12 16:02:05,886 - WARNING: Main_定时任务关闭
2021-07-12 16:03:36,123 - WARNING: Main_定时任务开始
2021-07-12 16:03:36,123 - WARNING: Main_现有任务:[<Job (id=5f269c177213450fbd57b2a7710b52df name=basicPlanFixHandler)>]
2021-07-12 17:04:54,541 - WARNING: Main_定时任务关闭
2021-07-12 17:05:00,927 - WARNING: Main_定时任务开始
2021-07-12 17:05:00,927 - WARNING: Main_现有任务:[<Job (id=56011cdaf9614465bac0904ce509ca30 name=basicPlanFixHandler)>]
2021-07-13 09:46:17,270 - WARNING: Main_定时任务开始
2021-07-13 09:46:17,270 - WARNING: Main_现有任务:[<Job (id=df443cd408f341c4af434c18668ef4ae name=basicPlanFixHandler)>]
2021-07-13 10:03:01,009 - WARNING: Main_定时任务关闭
2021-07-13 10:03:10,964 - WARNING: Main_定时任务开始
2021-07-13 10:03:10,965 - WARNING: Main_现有任务:[<Job (id=48f00d1540cd4c3f8c71da45f7a0db48 name=basicPlanFixHandler)>]
2021-07-13 10:20:31,030 - WARNING: Main_定时任务开始
2021-07-13 10:20:31,030 - WARNING: Main_现有任务:[<Job (id=c86057cdd1834ff1922fb36da1628426 name=basicPlanFixHandler)>]
2021-07-13 10:20:33,387 - WARNING: Main_定时任务关闭
2021-07-13 10:20:37,670 - WARNING: Main_定时任务开始
2021-07-13 10:20:37,671 - WARNING: Main_现有任务:[<Job (id=14031a948c6a4981802b16070b407256 name=basicPlanFixHandler)>]
2021-07-13 10:39:45,463 - WARNING: Main_定时任务关闭
2021-07-13 10:39:46,348 - WARNING: Main_定时任务开始
2021-07-13 10:39:46,348 - WARNING: Main_现有任务:[<Job (id=ab3b0dd69e0a433db86d88e044e14b25 name=basicPlanFixHandler)>]
2021-07-13 11:10:47,794 - WARNING: Main_定时任务关闭
2021-07-13 11:32:03,422 - WARNING: Main_定时任务开始
2021-07-13 11:32:03,422 - WARNING: Main_现有任务:[]
2021-07-13 11:32:08,796 - WARNING: Main_定时任务关闭
2021-07-13 11:32:23,229 - WARNING: Main_定时任务开始
2021-07-13 11:32:23,230 - WARNING: Main_现有任务:[]
2021-07-13 11:32:26,610 - WARNING: Main_定时任务关闭
2021-07-13 11:34:10,361 - WARNING: Main_定时任务开始
2021-07-13 11:34:10,361 - WARNING: Main_现有任务:[]
2021-07-13 11:38:13,694 - WARNING: Main_定时任务关闭
2021-07-13 11:38:18,276 - WARNING: Main_定时任务开始
2021-07-13 11:38:18,276 - WARNING: Main_现有任务:[]
2021-07-13 11:39:19,856 - WARNING: Main_定时任务关闭
2021-07-13 11:39:22,733 - WARNING: Main_定时任务开始
2021-07-13 11:39:22,733 - WARNING: Main_现有任务:[]
2021-07-13 11:40:24,090 - WARNING: Main_定时任务关闭
2021-07-13 16:08:49,654 - WARNING: Main_定时任务开始
2021-07-13 16:08:49,655 - WARNING: Main_现有任务:[]
2021-07-13 17:16:49,140 - WARNING: Main_定时任务关闭
2021-08-02 11:58:00,675 - WARNING: Main_定时任务开始
2021-08-02 11:58:00,675 - WARNING: Main_现有任务:[<Job (id=ceb3bc5521834a66bd0dac86623bb9ed name=logTimeHandler)>, <Job (id=6da2b8950c9b4016b92e2e760e4616e6 name=logPlanHandler)>, <Job (id=0c9c582874594ee2aec1c1df649bae03 name=getRobotGxGxSum)>, <Job (id=48c299a038a044caa963567b3ad0797d name=basicPlanFixHandler)>, <Job (id=bb5258c2be4d4f75bbfe01028407a6d5 name=erpSelloutScanHandler)>]
2021-08-02 12:00:27,214 - WARNING: Main_定时任务关闭
2021-08-02 12:24:29,280 - WARNING: Main_定时任务开始
2021-08-02 12:24:29,280 - WARNING: Main_现有任务:[<Job (id=779afb05d3fd4cd38f8554e5d68785a5 name=getRobotGxGxSum)>]
2021-08-02 12:25:41,241 - WARNING: Main_定时任务关闭
2021-08-02 12:25:42,045 - WARNING: Main_定时任务开始
2021-08-02 12:25:42,046 - WARNING: Main_现有任务:[<Job (id=eff13552dfc34d9da28e4379bc8d0d09 name=getRobotGxGxSum)>]
2021-08-02 12:26:16,362 - WARNING: Main_定时任务关闭
2021-08-02 12:26:17,151 - WARNING: Main_定时任务开始
2021-08-02 12:26:17,151 - WARNING: Main_现有任务:[<Job (id=b083b9baea9b42279df16c063c2fd956 name=getRobotGxGxSum)>]
2021-08-02 12:28:42,221 - WARNING: Main_定时任务关闭
2021-08-04 16:06:20,066 - WARNING: Main_定时任务开始
2021-08-04 16:06:20,066 - WARNING: Main_现有任务:[<Job (id=47b25e2c93854cce8b0a15e10c9da66d name=getRobotGxGxSum)>]
2021-08-04 16:06:21,910 - WARNING: Main_定时任务关闭
2021-08-04 16:06:37,039 - WARNING: Main_定时任务开始
2021-08-04 16:06:37,039 - WARNING: Main_现有任务:[]
2021-08-04 16:07:33,894 - WARNING: Main_定时任务关闭
2021-08-04 16:07:35,396 - WARNING: Main_定时任务开始
2021-08-04 16:07:35,396 - WARNING: Main_现有任务:[]
2021-08-04 16:08:45,814 - WARNING: Main_定时任务关闭
2021-08-04 16:08:47,417 - WARNING: Main_定时任务开始
2021-08-04 16:08:47,417 - WARNING: Main_现有任务:[]
2021-08-04 16:10:29,872 - WARNING: Main_定时任务关闭
2021-08-04 16:10:31,470 - WARNING: Main_定时任务开始
2021-08-04 16:10:31,470 - WARNING: Main_现有任务:[]
2021-08-04 16:11:38,007 - WARNING: Main_定时任务关闭
2021-08-04 16:11:39,570 - WARNING: Main_定时任务开始
2021-08-04 16:11:39,571 - WARNING: Main_现有任务:[]
2021-08-04 16:12:20,349 - WARNING: Main_定时任务关闭
2021-08-04 16:13:18,944 - WARNING: Main_定时任务开始
2021-08-04 16:13:18,944 - WARNING: Main_现有任务:[]
2021-08-04 16:13:21,774 - WARNING: Main_定时任务关闭
2021-08-10 08:47:07,725 - WARNING: Main_定时任务开始
2021-08-10 08:47:07,729 - WARNING: Main_现有任务:[]
2021-08-10 11:54:30,941 - WARNING: Main_定时任务关闭
2021-08-11 11:56:23,947 - WARNING: Main_定时任务开始
2021-08-11 11:56:23,967 - WARNING: Main_现有任务:[]
2021-08-11 11:57:03,313 - WARNING: Main_定时任务关闭
2021-08-11 12:34:37,815 - WARNING: Main_定时任务开始
2021-08-11 12:34:37,815 - WARNING: Main_现有任务:[]
2021-08-11 12:34:42,783 - WARNING: Main_定时任务关闭
